Namespace(arch='deit_small_resnet_aug', out_dir='missingness_results/patch_56_0_0_0/deit_small_resnet_aug', saliency_map_pkl='/mnt/nfs/home/saachij/src/CausalDomainTransfer/patch_ablation/missingness_results/saliency_maps/resnet_50_sal_map.pkl', methods=['Saliency_reverse', 'Saliency'], model_path=None, ablation_patch_size=56, filler_values=[0.0, 0.0, 0.0], superpixel=False, skip_random=False, superpixel_pkl=None, image_net_cache_file=None, skip_factor=1, no_envelope=False, superpixel_type='patches', use_missingness=True)
length of DS 10000
/mnt/nfs/home/hadi/src/missingness/CausalDomainTransfer/run/imagenet/deitsmall_resnetaug/model_best.pth
torchvision models: 
 ['alexnet', 'densenet121', 'densenet161', 'densenet169', 'densenet201', 'googlenet', 'inception_v3', 'mnasnet0_5', 'mnasnet0_75', 'mnasnet1_0', 'mnasnet1_3', 'mobilenet_v2', 'mobilenet_v3_large', 'mobilenet_v3_small', 'resnet101', 'resnet152', 'resnet18', 'resnet34', 'resnet50', 'resnext101_32x8d', 'resnext50_32x4d', 'shufflenet_v2_x0_5', 'shufflenet_v2_x1_0', 'shufflenet_v2_x1_5', 'shufflenet_v2_x2_0', 'squeezenet1_0', 'squeezenet1_1', 'vgg11', 'vgg11_bn', 'vgg13', 'vgg13_bn', 'vgg16', 'vgg16_bn', 'vgg19', 'vgg19_bn', 'wide_resnet101_2', 'wide_resnet50_2']
customized models: 
 ['mylinear', 'myvgg', 'myresnet18', 'myresnet50', 'mypreactresnet18', 'mylenet', 'mydensenet121', 'mymobilenet', 'mymobilenet2', 'mydpn92', 'myshufflenet', 'mysenet18', 'mysresnet18', 'mysresnet50']
Vision Transformer models: 
 ['vit_small_patch16_224', 'vit_base_patch16_224', 'vit_base_patch16_384', 'vit_base_patch32_384', 'vit_large_patch16_224', 'vit_large_patch16_384', 'vit_large_patch32_384', 'vit_huge_patch16_224', 'vit_huge_patch32_384', 'deit_tiny_patch16_224', 'deit_small_patch16_224', 'deit_base_patch16_224', 'deit_base_patch16_384', 'deit_tiny_patch4_32', 'deit_small_patch4_32', 'deit_base_patch4_32']
Invariant Vision Transformer models: 
 ['invariant_vit_small_patch16_224', 'invariant_vit_base_patch16_224']
==> Building model..
CUDA available: True
Device count: 1
GeForce RTX 2080 Ti
deep-gpu-10             Fri Oct  1 11:56:46 2021  460.91.03
[0] GeForce RTX 2080 Ti | 43'C,   3 % |  1336 / 11019 MB | saachij(1333M)
[1] GeForce RTX 2080 Ti | 77'C,  82 % |  6998 / 11019 MB | spark(6995M)
[2] GeForce RTX 2080 Ti | 45'C,   0 % |  6998 / 11019 MB | spark(6995M)
[3] GeForce RTX 2080 Ti | 33'C,   0 % |  6998 / 11019 MB | spark(6995M)
[4] GeForce RTX 2080 Ti | 36'C,   0 % |  6998 / 11019 MB | spark(6995M)
[5] GeForce RTX 2080 Ti | 79'C,  84 % |  6998 / 11019 MB | spark(6995M)
[6] GeForce RTX 2080 Ti | 58'C,   0 % |  6998 / 11019 MB | spark(6995M)
[7] GeForce RTX 2080 Ti | 43'C,   0 % |  6998 / 11019 MB | spark(6995M)
Used by pytorch: 0.02 GB / 11.55 GB
batch 0 method random
0
batch 1 method random
0
batch 2 method random
0
batch 3 method random
0
batch 4 method random
0
batch 5 method random
0
batch 6 method random
0
batch 7 method random
0
batch 8 method random
0
batch 9 method random
0
batch 10 method random
0
batch 11 method random
0
batch 12 method random
0
batch 13 method random
0
batch 14 method random
0
batch 15 method random
0
batch 16 method random
0
batch 17 method random
0
batch 18 method random
0
batch 19 method random
0
batch 0 method Saliency_reverse
0
batch 1 method Saliency_reverse
0
batch 2 method Saliency_reverse
0
batch 3 method Saliency_reverse
0
batch 4 method Saliency_reverse
0
batch 5 method Saliency_reverse
0
batch 6 method Saliency_reverse
0
batch 7 method Saliency_reverse
0
batch 8 method Saliency_reverse
0
batch 9 method Saliency_reverse
0
batch 10 method Saliency_reverse
0
batch 11 method Saliency_reverse
0
batch 12 method Saliency_reverse
0
batch 13 method Saliency_reverse
0
batch 14 method Saliency_reverse
0
batch 15 method Saliency_reverse
0
batch 16 method Saliency_reverse
0
batch 17 method Saliency_reverse
0
batch 18 method Saliency_reverse
0
batch 19 method Saliency_reverse
0
batch 0 method Saliency
0
batch 1 method Saliency
0
batch 2 method Saliency
0
batch 3 method Saliency
0
batch 4 method Saliency
0
batch 5 method Saliency
0
batch 6 method Saliency
0
batch 7 method Saliency
0
batch 8 method Saliency
0
batch 9 method Saliency
0
batch 10 method Saliency
0
batch 11 method Saliency
0
batch 12 method Saliency
0
batch 13 method Saliency
0
batch 14 method Saliency
0
batch 15 method Saliency
0
batch 16 method Saliency
0
batch 17 method Saliency
0
batch 18 method Saliency
0
batch 19 method Saliency
0
