Used by pytorch: 0.02 GB / 11.55 GB
Namespace(arch='resnet50', out_dir='missingness_results/patch_32_0_0_0/resnet50', saliency_map_pkl='/mnt/nfs/home/saachij/src/CausalDomainTransfer/patch_ablation/missingness_results/saliency_maps/resnet_50_sal_map.pkl', methods=['Saliency_reverse', 'Saliency'], model_path=None, ablation_patch_size=32, filler_values=[0.0, 0.0, 0.0], superpixel=False, skip_random=False, superpixel_pkl=None, image_net_cache_file=None, skip_factor=1, no_envelope=False, superpixel_type='patches', use_missingness=False)
length of DS 10000
/data/theory/robustopt/hadi_shared_results/imagenet_experiments/opensource_models/resnet50_l2_eps0.ckpt
=> loading checkpoint '/data/theory/robustopt/hadi_shared_results/imagenet_experiments/opensource_models/resnet50_l2_eps0.ckpt'
=> loaded checkpoint '/data/theory/robustopt/hadi_shared_results/imagenet_experiments/opensource_models/resnet50_l2_eps0.ckpt' (epoch 90)
Loaded robustness lib model
CUDA available: True
Device count: 1
GeForce RTX 2080 Ti
deep-gpu-10             Tue Sep 28 08:51:16 2021  460.91.03
[0] GeForce RTX 2080 Ti | 31'C,   0 % |     1 / 11019 MB |
[1] GeForce RTX 2080 Ti | 63'C,  52 % |  8372 / 11019 MB | saachij(8369M)
[2] GeForce RTX 2080 Ti | 38'C,   0 % |  1542 / 11019 MB | saachij(1539M)
[3] GeForce RTX 2080 Ti | 35'C,   3 % |  1542 / 11019 MB | saachij(1539M)
[4] GeForce RTX 2080 Ti | 34'C,   8 % |  1542 / 11019 MB | saachij(1539M)
[5] GeForce RTX 2080 Ti | 31'C,   0 % |     1 / 11019 MB |
[6] GeForce RTX 2080 Ti | 34'C,   0 % |     1 / 11019 MB |
[7] GeForce RTX 2080 Ti | 32'C,   0 % |     1 / 11019 MB |
Namespace(arch='resnet50', out_dir='missingness_results/patch_56_0_0_0/resnet50', saliency_map_pkl='/mnt/nfs/home/saachij/src/CausalDomainTransfer/patch_ablation/missingness_results/saliency_maps/resnet_50_sal_map.pkl', methods=['Saliency_reverse', 'Saliency'], model_path=None, ablation_patch_size=56, filler_values=[0.0, 0.0, 0.0], superpixel=False, skip_random=False, superpixel_pkl=None, image_net_cache_file=None, skip_factor=1, no_envelope=False, superpixel_type='patches', use_missingness=False)
length of DS 10000
/data/theory/robustopt/hadi_shared_results/imagenet_experiments/opensource_models/resnet50_l2_eps0.ckpt
=> loading checkpoint '/data/theory/robustopt/hadi_shared_results/imagenet_experiments/opensource_models/resnet50_l2_eps0.ckpt'
=> loaded checkpoint '/data/theory/robustopt/hadi_shared_results/imagenet_experiments/opensource_models/resnet50_l2_eps0.ckpt' (epoch 90)
Loaded robustness lib model
CUDA available: True
Device count: 1
GeForce RTX 2080 Ti
deep-gpu-10             Tue Sep 28 08:51:16 2021  460.91.03
[0] GeForce RTX 2080 Ti | 32'C,   0 % |     1 / 11019 MB |
[1] GeForce RTX 2080 Ti | 63'C,  52 % |  8372 / 11019 MB | saachij(8369M)
[2] GeForce RTX 2080 Ti | 38'C,   0 % |  1542 / 11019 MB | saachij(1539M)
[3] GeForce RTX 2080 Ti | 35'C,   3 % |  1542 / 11019 MB | saachij(1539M)
[4] GeForce RTX 2080 Ti | 34'C,   8 % |  1542 / 11019 MB | saachij(1539M)
[5] GeForce RTX 2080 Ti | 30'C,   0 % |     1 / 11019 MB |
[6] GeForce RTX 2080 Ti | 34'C,   0 % |     1 / 11019 MB |
[7] GeForce RTX 2080 Ti | 32'C,   0 % |     1 / 11019 MB |
Namespace(arch='resnet50', out_dir='missingness_results/patch_64_0_0_0/resnet50', saliency_map_pkl='/mnt/nfs/home/saachij/src/CausalDomainTransfer/patch_ablation/missingness_results/saliency_maps/resnet_50_sal_map.pkl', methods=['Saliency_reverse', 'Saliency'], model_path=None, ablation_patch_size=64, filler_values=[0.0, 0.0, 0.0], superpixel=False, skip_random=False, superpixel_pkl=None, image_net_cache_file=None, skip_factor=1, no_envelope=False, superpixel_type='patches', use_missingness=False)
length of DS 10000
/data/theory/robustopt/hadi_shared_results/imagenet_experiments/opensource_models/resnet50_l2_eps0.ckpt
=> loading checkpoint '/data/theory/robustopt/hadi_shared_results/imagenet_experiments/opensource_models/resnet50_l2_eps0.ckpt'
=> loaded checkpoint '/data/theory/robustopt/hadi_shared_results/imagenet_experiments/opensource_models/resnet50_l2_eps0.ckpt' (epoch 90)
Loaded robustness lib model
CUDA available: True
Device count: 1
GeForce RTX 2080 Ti
deep-gpu-10             Tue Sep 28 08:51:21 2021  460.91.03
[0] GeForce RTX 2080 Ti | 32'C,   0 % |     1 / 11019 MB |
[1] GeForce RTX 2080 Ti | 58'C,  46 % |  8372 / 11019 MB | saachij(8369M)
[2] GeForce RTX 2080 Ti | 42'C,   5 % |  8364 / 11019 MB | saachij(8361M)
[3] GeForce RTX 2080 Ti | 35'C,   0 % |  1542 / 11019 MB | saachij(1539M)
[4] GeForce RTX 2080 Ti | 35'C,   0 % |  1542 / 11019 MB | saachij(1539M)
[5] GeForce RTX 2080 Ti | 34'C,   7 % |  1542 / 11019 MB | saachij(1539M)
[6] GeForce RTX 2080 Ti | 34'C,   0 % |     1 / 11019 MB |
[7] GeForce RTX 2080 Ti | 32'C,   0 % |     1 / 11019 MB |
Used by pytorch: 0.02 GB / 11.55 GB
Used by pytorch: 0.02 GB / 11.55 GB
Used by pytorch: 0.02 GB / 11.55 GB
batch 0 method random
0
batch 1 method random
0
batch 2 method random
0
batch 3 method random
0
batch 4 method random
0
batch 5 method random
0
batch 6 method random
0
batch 7 method random
0
batch 8 method random
0
batch 9 method random
0
batch 10 method random
0
batch 11 method random
0
batch 12 method random
0
batch 13 method random
0
batch 14 method random
0
batch 15 method random
0
batch 16 method random
0
batch 17 method random
0
batch 18 method random
0
batch 19 method random
0
batch 0 method Saliency_reverse
0
batch 1 method Saliency_reverse
0
batch 2 method Saliency_reverse
0
batch 3 method Saliency_reverse
0
batch 4 method Saliency_reverse
0
batch 5 method Saliency_reverse
0
batch 6 method Saliency_reverse
0
batch 7 method Saliency_reverse
0
batch 8 method Saliency_reverse
0
batch 9 method Saliency_reverse
0
batch 10 method Saliency_reverse
0
batch 11 method Saliency_reverse
0
batch 12 method Saliency_reverse
0
batch 13 method Saliency_reverse
0
batch 14 method Saliency_reverse
0
batch 15 method Saliency_reverse
0
batch 16 method Saliency_reverse
0
batch 17 method Saliency_reverse
0
batch 18 method Saliency_reverse
0
batch 19 method Saliency_reverse
0
batch 0 method random
0
20
40
batch 1 method random
0
20
40
batch 2 method random
0
20
40
batch 3 method random
0
20
40
batch 4 method random
0
20
40
batch 5 method random
0
20
40
batch 6 method random
0
20
40
batch 7 method random
0
20
40
batch 8 method random
0
20
40
batch 9 method random
0
20
40
batch 10 method random
0
20
40
batch 11 method random
0
20
40
batch 12 method random
0
20
40
batch 13 method random
0
20
40
batch 14 method random
0
20
40
batch 15 method random
0
20
40
batch 16 method random
0
20
40
batch 17 method random
0
20
40
batch 18 method random
0
20
40
batch 19 method random
0
20
40
batch 0 method Saliency
0
batch 1 method Saliency
0
batch 2 method Saliency
0
batch 3 method Saliency
0
batch 4 method Saliency
0
batch 5 method Saliency
0
batch 6 method Saliency
0
batch 7 method Saliency
0
batch 8 method Saliency
0
batch 9 method Saliency
0
batch 10 method Saliency
0
batch 11 method Saliency
0
batch 12 method Saliency
0
batch 13 method Saliency
0
batch 14 method Saliency
0
batch 15 method Saliency
0
batch 16 method Saliency
0
batch 17 method Saliency
0
batch 18 method Saliency
0
batch 19 method Saliency
0
batch 0 method random
0
20
40
60
batch 1 method random
0
20
40
60
batch 2 method random
0
20
40
60
batch 3 method random
0
20
40
60
batch 4 method random
0
20
40
60
batch 5 method random
0
20
40
60
batch 6 method random
0
20
40
60
batch 7 method random
0
20
40
60
batch 8 method random
0
20
40
60
batch 9 method random
0
20
40
60
batch 10 method random
0
20
40
60
batch 11 method random
0
20
40
60
batch 12 method random
0
20
40
60
batch 13 method random
0
20
40
60
batch 14 method random
0
20
40
60
batch 15 method random
0
20
40
60
batch 16 method random
0
20
40
60
batch 17 method random
0
20
40
60
batch 18 method random
0
20
40
60
batch 19 method random
0
20
40
60
batch 0 method Saliency_reverse
0
20
40
batch 1 method Saliency_reverse
0
20
40
batch 2 method Saliency_reverse
0
20
40
batch 3 method Saliency_reverse
0
20
40
batch 4 method Saliency_reverse
0
20
40
batch 5 method Saliency_reverse
0
20
40
batch 6 method Saliency_reverse
0
20
40
batch 7 method Saliency_reverse
0
20
40
batch 8 method Saliency_reverse
0
20
40
batch 9 method Saliency_reverse
0
20
40
batch 10 method Saliency_reverse
0
20
40
batch 11 method Saliency_reverse
0
20
40
batch 12 method Saliency_reverse
0
20
40
batch 13 method Saliency_reverse
0
20
40
batch 14 method Saliency_reverse
0
20
40
batch 15 method Saliency_reverse
0
20
40
batch 16 method Saliency_reverse
0
20
40
batch 17 method Saliency_reverse
0
20
40
batch 18 method Saliency_reverse
0
20
40
batch 19 method Saliency_reverse
0
20
40
batch 0 method Saliency_reverse
0
20
40
60
batch 1 method Saliency_reverse
0
20
40
60
batch 2 method Saliency_reverse
0
20
40
60
batch 3 method Saliency_reverse
0
20
40
60
batch 4 method Saliency_reverse
0
20
40
60
batch 5 method Saliency_reverse
0
20
40
60
batch 6 method Saliency_reverse
0
20
40
60
batch 7 method Saliency_reverse
0
20
40
60
batch 8 method Saliency_reverse
0
20
40
60
batch 9 method Saliency_reverse
0
20
40
60
batch 10 method Saliency_reverse
0
20
40
60
batch 11 method Saliency_reverse
0
20
40
60
batch 12 method Saliency_reverse
0
20
40
60
batch 13 method Saliency_reverse
0
20
40
60
batch 14 method Saliency_reverse
0
20
40
60
batch 15 method Saliency_reverse
0
20
40
60
batch 16 method Saliency_reverse
0
20
40
60
batch 17 method Saliency_reverse
0
20
40
60
batch 18 method Saliency_reverse
0
20
40
60
batch 19 method Saliency_reverse
0
20
40
60
batch 0 method random
0
20
40
60
80
100
120
140
160
180
200
220
240
batch 1 method random
0
20
40
60
80
100
120
140
160
180
200
220
240
batch 2 method random
0
20
40
60
80
100
120
140
160
180
200
220
240
batch 3 method random
0
20
40
60
80
100
120
140
160
180
200
220
240
batch 4 method random
0
20
40
60
80
100
120
140
160
180
200
220
240
batch 5 method random
0
20
40
60
80
100
120
140
160
180
200
220
240
batch 6 method random
0
20
40
60
80
100
120
140
160
180
200
220
240
batch 7 method random
0
20
40
60
80
100
120
140
160
180
200
220
240
batch 8 method random
0
20
40
60
80
100
120
140
160
180
200
220
240
batch 9 method random
0
20
40
60
80
100
120
140
160
180
200
220
240
batch 10 method random
0
20
40
60
80
100
120
140
160
180
200
220
240
batch 11 method random
0
20
40
60
80
100
120
140
160
180
200
220
240
batch 12 method random
0
20
40
60
80
100
120
140
160
180
200
220
240
batch 13 method random
0
20
40
60
80
100
120
140
160
180
200
220
240
batch 14 method random
0
20
40
60
80
100
120
140
160
180
200
220
240
batch 15 method random
0
20
40
60
80
100
120
140
160
180
200
220
240
batch 16 method random
0
20
40
60
80
100
120
140
160
180
200
220
240
batch 17 method random
0
20
40
60
80
100
120
140
160
180
200
220
240
batch 18 method random
0
20
40
60
80
100
120
140
160
180
200
220
240
batch 19 method random
0
20
40
60
80
100
120
140
160
180
200
220
240
batch 0 method Saliency
0
20
40
batch 1 method Saliency
0
20
40
batch 2 method Saliency
0
20
40
batch 3 method Saliency
0
20
40
batch 4 method Saliency
0
20
40
batch 5 method Saliency
0
20
40
batch 6 method Saliency
0
20
40
batch 7 method Saliency
0
20
40
batch 8 method Saliency
0
20
40
batch 9 method Saliency
0
20
40
batch 10 method Saliency
0
20
40
batch 11 method Saliency
0
20
40
batch 12 method Saliency
0
20
40
batch 13 method Saliency
0
20
40
batch 14 method Saliency
0
20
40
batch 15 method Saliency
0
20
40
batch 16 method Saliency
0
20
40
batch 17 method Saliency
0
20
40
batch 18 method Saliency
0
20
40
batch 19 method Saliency
0
20
40
batch 0 method Saliency
0
20
40
60
batch 1 method Saliency
0
20
40
60
batch 2 method Saliency
0
20
40
60
batch 3 method Saliency
0
20
40
60
batch 4 method Saliency
0
20
40
60
batch 5 method Saliency
0
20
40
60
batch 6 method Saliency
0
20
40
60
batch 7 method Saliency
0
20
40
60
batch 8 method Saliency
0
20
40
60
batch 9 method Saliency
0
20
40
60
batch 10 method Saliency
0
20
40
60
batch 11 method Saliency
0
20
40
60
batch 12 method Saliency
0
20
40
60
batch 13 method Saliency
0
20
40
60
batch 14 method Saliency
0
20
40
60
batch 15 method Saliency
0
20
40
60
batch 16 method Saliency
0
20
40
60
batch 17 method Saliency
0
20
40
60
batch 18 method Saliency
0
20
40
60
batch 19 method Saliency
0
20
40
60
batch 0 method Saliency_reverse
0
20
40
60
80
100
120
140
160
180
200
220
240
batch 1 method Saliency_reverse
0
20
40
60
80
100
120
140
160
180
200
220
240
batch 2 method Saliency_reverse
0
20
40
60
80
100
120
140
160
180
200
220
240
batch 3 method Saliency_reverse
0
20
40
60
80
100
120
140
160
180
200
220
240
batch 4 method Saliency_reverse
0
20
40
60
80
100
120
140
160
180
200
220
240
batch 5 method Saliency_reverse
0
20
40
60
80
100
120
140
160
180
200
220
240
batch 6 method Saliency_reverse
0
20
40
60
80
100
120
140
160
180
200
220
240
batch 7 method Saliency_reverse
0
20
40
60
80
100
120
140
160
180
200
220
240
batch 8 method Saliency_reverse
0
20
40
60
80
100
120
140
160
180
200
220
240
batch 9 method Saliency_reverse
0
20
40
60
80
100
120
140
160
180
200
220
240
batch 10 method Saliency_reverse
0
20
40
60
80
100
120
140
160
180
200
220
240
batch 11 method Saliency_reverse
0
20
40
60
80
100
120
140
160
180
200
220
240
batch 12 method Saliency_reverse
0
20
40
60
80
100
120
140
160
180
200
220
240
batch 13 method Saliency_reverse
0
20
40
60
80
100
120
140
160
180
200
220
240
batch 14 method Saliency_reverse
0
20
40
60
80
100
120
140
160
180
200
220
240
batch 15 method Saliency_reverse
0
20
40
60
80
100
120
140
160
180
200
220
240
batch 16 method Saliency_reverse
0
20
40
60
80
100
120
140
160
180
200
220
240
batch 17 method Saliency_reverse
0
20
40
60
80
100
120
140
160
180
200
220
240
batch 18 method Saliency_reverse
0
20
40
60
80
100
120
140
160
180
200
220
240
batch 19 method Saliency_reverse
0
20
40
60
80
100
120
140
160
180
200
220
240
batch 0 method Saliency
0
20
40
60
80
100
120
140
160
180
200
220
240
batch 1 method Saliency
0
20
40
60
80
100
120
140
160
180
200
220
240
batch 2 method Saliency
0
20
40
60
80
100
120
140
160
180
200
220
240
batch 3 method Saliency
0
20
40
60
80
100
120
140
160
180
200
220
240
batch 4 method Saliency
0
20
40
60
80
100
120
140
160
180
200
220
240
batch 5 method Saliency
0
20
40
60
80
100
120
140
160
180
200
220
240
batch 6 method Saliency
0
20
40
60
80
100
120
140
160
180
200
220
240
batch 7 method Saliency
0
20
40
60
80
100
120
140
160
180
200
220
240
batch 8 method Saliency
0
20
40
60
80
100
120
140
160
180
200
220
240
batch 9 method Saliency
0
20
40
60
80
100
120
140
160
180
200
220
240
batch 10 method Saliency
0
20
40
60
80
100
120
140
160
180
200
220
240
batch 11 method Saliency
0
20
40
60
80
100
120
140
160
180
200
220
240
batch 12 method Saliency
0
20
40
60
80
100
120
140
160
180
200
220
240
batch 13 method Saliency
0
20
40
60
80
100
120
140
160
180
200
220
240
batch 14 method Saliency
0
20
40
60
80
100
120
140
160
180
200
220
240
batch 15 method Saliency
0
20
40
60
80
100
120
140
160
180
200
220
240
batch 16 method Saliency
0
20
40
60
80
100
120
140
160
180
200
220
240
batch 17 method Saliency
0
20
40
60
80
100
120
140
160
180
200
220
240
batch 18 method Saliency
0
20
40
60
80
100
120
140
160
180
200
220
240
batch 19 method Saliency
0
20
40
60
80
100
120
140
160
180
200
220
240
