length of DS 10000
0 10000
10 10000
20 10000
30 10000
40 10000
50 10000
60 10000
70 10000
80 10000
90 10000
100 10000
110 10000
120 10000
130 10000
140 10000
150 10000
160 10000
170 10000
180 10000
190 10000
200 10000
210 10000
220 10000
230 10000
240 10000
250 10000
260 10000
270 10000
280 10000
290 10000
300 10000
310 10000
320 10000
330 10000
340 10000
350 10000
360 10000
370 10000
380 10000
390 10000
400 10000
410 10000
420 10000
430 10000
440 10000
450 10000
460 10000
470 10000
480 10000
490 10000
500 10000
510 10000
520 10000
530 10000
540 10000
550 10000
560 10000
570 10000
580 10000
590 10000
600 10000
610 10000
620 10000
630 10000
640 10000
650 10000
660 10000
670 10000
680 10000
690 10000
700 10000
710 10000
720 10000
730 10000
740 10000
750 10000
760 10000
770 10000
780 10000
790 10000
800 10000
810 10000
820 10000
830 10000
840 10000
850 10000
860 10000
870 10000
880 10000
890 10000
900 10000
910 10000
920 10000
930 10000
940 10000
950 10000
960 10000
970 10000
980 10000
990 10000
1000 10000
1010 10000
1020 10000
1030 10000
1040 10000
1050 10000
1060 10000
1070 10000
1080 10000
1090 10000
1100 10000
1110 10000
1120 10000
1130 10000
1140 10000
1150 10000
1160 10000
1170 10000
1180 10000
1190 10000
1200 10000
1210 10000
1220 10000
1230 10000
1240 10000
1250 10000
1260 10000
1270 10000
1280 10000
1290 10000
1300 10000
1310 10000
1320 10000
1330 10000
1340 10000
1350 10000
1360 10000
1370 10000
1380 10000
1390 10000
1400 10000
1410 10000
1420 10000
1430 10000
1440 10000
1450 10000
1460 10000
1470 10000
1480 10000
1490 10000
1500 10000
1510 10000
1520 10000
1530 10000
1540 10000
1550 10000
1560 10000
1570 10000
1580 10000
1590 10000
1600 10000
1610 10000
1620 10000
1630 10000
1640 10000
1650 10000
1660 10000
1670 10000
1680 10000
1690 10000
1700 10000
1710 10000
1720 10000
1730 10000
1740 10000
1750 10000
1760 10000
1770 10000
1780 10000
1790 10000
1800 10000
1810 10000
1820 10000
1830 10000
1840 10000
1850 10000
1860 10000
1870 10000
1880 10000
1890 10000
1900 10000
1910 10000
1920 10000
1930 10000
1940 10000
1950 10000
1960 10000
1970 10000
1980 10000
1990 10000
2000 10000
2010 10000
2020 10000
2030 10000
2040 10000
2050 10000
2060 10000
2070 10000
2080 10000
2090 10000
2100 10000
2110 10000
2120 10000
2130 10000
2140 10000
2150 10000
2160 10000
2170 10000
2180 10000
2190 10000
2200 10000
2210 10000
2220 10000
2230 10000
2240 10000
2250 10000
2260 10000
2270 10000
2280 10000
2290 10000
2300 10000
2310 10000
2320 10000
2330 10000
2340 10000
2350 10000
2360 10000
2370 10000
2380 10000
2390 10000
2400 10000
2410 10000
2420 10000
2430 10000
2440 10000
2450 10000
2460 10000
2470 10000
2480 10000
2490 10000
2500 10000
2510 10000
2520 10000
2530 10000
2540 10000
2550 10000
2560 10000
2570 10000
2580 10000
2590 10000
2600 10000
2610 10000
2620 10000
2630 10000
2640 10000
2650 10000
2660 10000
2670 10000
2680 10000
2690 10000
2700 10000
2710 10000
2720 10000
2730 10000
2740 10000
2750 10000
2760 10000
2770 10000
2780 10000
2790 10000
2800 10000
2810 10000
2820 10000
2830 10000
2840 10000
2850 10000
2860 10000
2870 10000
2880 10000
2890 10000
2900 10000
2910 10000
2920 10000
2930 10000
2940 10000
2950 10000
2960 10000
2970 10000
2980 10000
2990 10000
3000 10000
3010 10000
3020 10000
3030 10000
3040 10000
3050 10000
3060 10000
3070 10000
3080 10000
3090 10000
3100 10000
3110 10000
3120 10000
3130 10000
3140 10000
3150 10000
3160 10000
3170 10000
3180 10000
3190 10000
3200 10000
3210 10000
3220 10000
3230 10000
3240 10000
3250 10000
3260 10000
3270 10000
3280 10000
3290 10000
3300 10000
3310 10000
3320 10000
3330 10000
3340 10000
3350 10000
3360 10000
3370 10000
3380 10000
3390 10000
3400 10000
3410 10000
3420 10000
3430 10000
3440 10000
3450 10000
3460 10000
3470 10000
3480 10000
3490 10000
3500 10000
3510 10000
3520 10000
3530 10000
3540 10000
3550 10000
3560 10000
3570 10000
3580 10000
3590 10000
3600 10000
3610 10000
3620 10000
3630 10000
3640 10000
3650 10000
3660 10000
3670 10000
3680 10000
3690 10000
3700 10000
3710 10000
3720 10000
3730 10000
3740 10000
3750 10000
3760 10000
3770 10000
3780 10000
3790 10000
3800 10000
3810 10000
3820 10000
3830 10000
3840 10000
3850 10000
3860 10000
3870 10000
3880 10000
3890 10000
3900 10000
3910 10000
3920 10000
3930 10000
3940 10000
3950 10000
3960 10000
3970 10000
3980 10000
3990 10000
4000 10000
4010 10000
4020 10000
4030 10000
4040 10000
4050 10000
4060 10000
4070 10000
4080 10000
4090 10000
4100 10000
4110 10000
4120 10000
4130 10000
4140 10000
4150 10000
4160 10000
4170 10000
4180 10000
4190 10000
4200 10000
4210 10000
4220 10000
4230 10000
4240 10000
4250 10000
4260 10000
4270 10000
4280 10000
4290 10000
4300 10000
4310 10000
4320 10000
4330 10000
4340 10000
4350 10000
4360 10000
4370 10000
4380 10000
4390 10000
4400 10000
4410 10000
4420 10000
4430 10000
4440 10000
4450 10000
4460 10000
4470 10000
4480 10000
4490 10000
4500 10000
4510 10000
4520 10000
4530 10000
4540 10000
4550 10000
4560 10000
4570 10000
4580 10000
4590 10000
4600 10000
4610 10000
4620 10000
4630 10000
4640 10000
4650 10000
4660 10000
4670 10000
4680 10000
4690 10000
4700 10000
4710 10000
4720 10000
4730 10000
4740 10000
4750 10000
4760 10000
4770 10000
4780 10000
4790 10000
4800 10000
4810 10000
4820 10000
4830 10000
4840 10000
4850 10000
4860 10000
4870 10000
4880 10000
4890 10000
4900 10000
4910 10000
4920 10000
4930 10000
4940 10000
4950 10000
4960 10000
4970 10000
4980 10000
4990 10000
5000 10000
5010 10000
5020 10000
5030 10000
5040 10000
5050 10000
5060 10000
5070 10000
5080 10000
5090 10000
5100 10000
5110 10000
5120 10000
5130 10000
5140 10000
5150 10000
5160 10000
5170 10000
5180 10000
5190 10000
5200 10000
5210 10000
5220 10000
5230 10000
5240 10000
5250 10000
5260 10000
5270 10000
5280 10000
5290 10000
5300 10000
5310 10000
5320 10000
5330 10000
5340 10000
5350 10000
5360 10000
5370 10000
5380 10000
5390 10000
5400 10000
5410 10000
5420 10000
5430 10000
5440 10000
5450 10000
5460 10000
5470 10000
5480 10000
5490 10000
5500 10000
5510 10000
5520 10000
5530 10000
5540 10000
5550 10000
5560 10000
5570 10000
5580 10000
5590 10000
5600 10000
5610 10000
5620 10000
5630 10000
5640 10000
5650 10000
5660 10000
5670 10000
5680 10000
5690 10000
5700 10000
5710 10000
5720 10000
5730 10000
5740 10000
5750 10000
5760 10000
5770 10000
5780 10000
5790 10000
5800 10000
5810 10000
5820 10000
5830 10000
5840 10000
5850 10000
5860 10000
5870 10000
5880 10000
5890 10000
5900 10000
5910 10000
5920 10000
5930 10000
5940 10000
5950 10000
5960 10000
5970 10000
5980 10000
5990 10000
6000 10000
6010 10000
6020 10000
6030 10000
6040 10000
6050 10000
6060 10000
6070 10000
6080 10000
6090 10000
6100 10000
6110 10000
6120 10000
6130 10000
6140 10000
6150 10000
6160 10000
6170 10000
6180 10000
6190 10000
6200 10000
6210 10000
6220 10000
6230 10000
6240 10000
6250 10000
6260 10000
6270 10000
6280 10000
6290 10000
6300 10000
6310 10000
6320 10000
6330 10000
6340 10000
6350 10000
6360 10000
6370 10000
6380 10000
6390 10000
6400 10000
6410 10000
6420 10000
6430 10000
6440 10000
6450 10000
6460 10000
6470 10000
6480 10000
6490 10000
6500 10000
6510 10000
6520 10000
6530 10000
6540 10000
6550 10000
6560 10000
6570 10000
6580 10000
6590 10000
6600 10000
6610 10000
6620 10000
6630 10000
6640 10000
6650 10000
6660 10000
6670 10000
6680 10000
6690 10000
6700 10000
6710 10000
6720 10000
6730 10000
6740 10000
6750 10000
6760 10000
6770 10000
6780 10000
6790 10000
6800 10000
6810 10000
6820 10000
6830 10000
6840 10000
6850 10000
6860 10000
6870 10000
6880 10000
6890 10000
6900 10000
6910 10000
6920 10000
6930 10000
6940 10000
6950 10000
6960 10000
6970 10000
6980 10000
6990 10000
7000 10000
7010 10000
7020 10000
7030 10000
7040 10000
7050 10000
7060 10000
7070 10000
7080 10000
7090 10000
7100 10000
7110 10000
7120 10000
7130 10000
7140 10000
7150 10000
7160 10000
7170 10000
7180 10000
7190 10000
7200 10000
7210 10000
7220 10000
7230 10000
7240 10000
7250 10000
7260 10000
7270 10000
7280 10000
7290 10000
7300 10000
7310 10000
7320 10000
7330 10000
7340 10000
7350 10000
7360 10000
7370 10000
7380 10000
7390 10000
7400 10000
7410 10000
7420 10000
7430 10000
7440 10000
7450 10000
7460 10000
7470 10000
7480 10000
7490 10000
7500 10000
7510 10000
7520 10000
7530 10000
7540 10000
7550 10000
7560 10000
7570 10000
7580 10000
7590 10000
7600 10000
7610 10000
7620 10000
7630 10000
7640 10000
7650 10000
7660 10000
7670 10000
7680 10000
7690 10000
7700 10000
7710 10000
7720 10000
7730 10000
7740 10000
7750 10000
7760 10000
7770 10000
7780 10000
7790 10000
7800 10000
7810 10000
7820 10000
7830 10000
7840 10000
7850 10000
7860 10000
7870 10000
7880 10000
7890 10000
7900 10000
7910 10000
7920 10000
7930 10000
7940 10000
7950 10000
7960 10000
7970 10000
7980 10000
7990 10000
8000 10000
8010 10000
8020 10000
8030 10000
8040 10000
8050 10000
8060 10000
8070 10000
8080 10000
8090 10000
8100 10000
8110 10000
8120 10000
8130 10000
8140 10000
8150 10000
8160 10000
8170 10000
8180 10000
8190 10000
8200 10000
8210 10000
8220 10000
8230 10000
8240 10000
8250 10000
8260 10000
8270 10000
8280 10000
8290 10000
8300 10000
8310 10000
8320 10000
8330 10000
8340 10000
8350 10000
8360 10000
8370 10000
8380 10000
8390 10000
8400 10000
8410 10000
8420 10000
8430 10000
8440 10000
8450 10000
8460 10000
8470 10000
8480 10000
8490 10000
8500 10000
8510 10000
8520 10000
8530 10000
8540 10000
8550 10000
8560 10000
8570 10000
8580 10000
8590 10000
8600 10000
8610 10000
8620 10000
8630 10000
8640 10000
8650 10000
8660 10000
8670 10000
8680 10000
8690 10000
8700 10000
8710 10000
8720 10000
8730 10000
8740 10000
8750 10000
8760 10000
8770 10000
8780 10000
8790 10000
8800 10000
8810 10000
8820 10000
8830 10000
8840 10000
8850 10000
8860 10000
8870 10000
8880 10000
8890 10000
8900 10000
8910 10000
8920 10000
8930 10000
8940 10000
8950 10000
8960 10000
8970 10000
8980 10000
8990 10000
9000 10000
9010 10000
9020 10000
9030 10000
9040 10000
9050 10000
9060 10000
9070 10000
9080 10000
9090 10000
9100 10000
9110 10000
9120 10000
9130 10000
9140 10000
9150 10000
9160 10000
9170 10000
9180 10000
9190 10000
9200 10000
9210 10000
9220 10000
9230 10000
9240 10000
9250 10000
9260 10000
9270 10000
9280 10000
9290 10000
9300 10000
9310 10000
9320 10000
9330 10000
9340 10000
9350 10000
9360 10000
9370 10000
9380 10000
9390 10000
9400 10000
9410 10000
9420 10000
9430 10000
9440 10000
9450 10000
9460 10000
9470 10000
9480 10000
9490 10000
9500 10000
9510 10000
9520 10000
9530 10000
9540 10000
9550 10000
9560 10000
9570 10000
9580 10000
9590 10000
9600 10000
9610 10000
9620 10000
9630 10000
9640 10000
9650 10000
9660 10000
9670 10000
9680 10000
9690 10000
9700 10000
9710 10000
9720 10000
9730 10000
9740 10000
9750 10000
9760 10000
9770 10000
9780 10000
9790 10000
9800 10000
9810 10000
9820 10000
9830 10000
9840 10000
9850 10000
9860 10000
9870 10000
9880 10000
9890 10000
9900 10000
9910 10000
9920 10000
9930 10000
9940 10000
9950 10000
9960 10000
9970 10000
9980 10000
9990 10000
